# JRE version: OpenJDK Runtime Environment (8.0_212-b04) (build 1.8.0_212-release-1586-b04)
# Java VM: OpenJDK 64-Bit Server VM (25.212-b04 mixed mode windows-amd64 compressed oops)
Heap:
 PSYoungGen      total 488448K, used 381867K [0x00000000e0000000, 0x0000000100000000, 0x0000000100000000)
  eden space 453120K, 82% used [0x00000000e0000000,0x00000000f6e511e0,0x00000000fba80000)
  from space 35328K, 19% used [0x00000000fba80000,0x00000000fc119be0,0x00000000fdd00000)
  to   space 35840K, 0% used [0x00000000fdd00000,0x00000000fdd00000,0x0000000100000000)
 ParOldGen       total 134656K, used 114974K [0x00000000a0000000, 0x00000000a8380000, 0x00000000e0000000)
  object space 134656K, 85% used [0x00000000a0000000,0x00000000a7047a70,0x00000000a8380000)
 Metaspace       used 83189K, capacity 87266K, committed 87552K, reserved 1124352K
  class space    used 11096K, capacity 11940K, committed 12032K, reserved 1048576K
GC Heap History (10 events):
Event: 12.245 GC heap before
{Heap before GC invocations=26 (full 3):
 PSYoungGen      total 420864K, used 409300K [0x00000000e0000000, 0x00000000fc180000, 0x0000000100000000)
  eden space 386048K, 100% used [0x00000000e0000000,0x00000000f7900000,0x00000000f7900000)
  from space 34816K, 66% used [0x00000000f9b80000,0x00000000fb2351d8,0x00000000fbd80000)
  to   space 35328K, 0% used [0x00000000f7900000,0x00000000f7900000,0x00000000f9b80000)
 ParOldGen       total 134656K, used 63848K [0x00000000a0000000, 0x00000000a8380000, 0x00000000e0000000)
  object space 134656K, 47% used [0x00000000a0000000,0x00000000a3e5a238,0x00000000a8380000)
 Metaspace       used 83006K, capacity 86980K, committed 87296K, reserved 1124352K
  class space    used 11092K, capacity 11937K, committed 12032K, reserved 1048576K
Event: 12.267 GC heap after
Heap after GC invocations=26 (full 3):
 PSYoungGen      total 421376K, used 25755K [0x00000000e0000000, 0x0000000100000000, 0x0000000100000000)
  eden space 386048K, 0% used [0x00000000e0000000,0x00000000e0000000,0x00000000f7900000)
  from space 35328K, 72% used [0x00000000f7900000,0x00000000f9226e70,0x00000000f9b80000)
  to   space 36864K, 0% used [0x00000000fdc00000,0x00000000fdc00000,0x0000000100000000)
 ParOldGen       total 134656K, used 64725K [0x00000000a0000000, 0x00000000a8380000, 0x00000000e0000000)
  object space 134656K, 48% used [0x00000000a0000000,0x00000000a3f357f8,0x00000000a8380000)
 Metaspace       used 83006K, capacity 86980K, committed 87296K, reserved 1124352K
  class space    used 11092K, capacity 11937K, committed 12032K, reserved 1048576K
}
Event: 12.562 GC heap before
{Heap before GC invocations=27 (full 3):
 PSYoungGen      total 421376K, used 411803K [0x00000000e0000000, 0x0000000100000000, 0x0000000100000000)
  eden space 386048K, 100% used [0x00000000e0000000,0x00000000f7900000,0x00000000f7900000)
  from space 35328K, 72% used [0x00000000f7900000,0x00000000f9226e70,0x00000000f9b80000)
  to   space 36864K, 0% used [0x00000000fdc00000,0x00000000fdc00000,0x0000000100000000)
 ParOldGen       total 134656K, used 64725K [0x00000000a0000000, 0x00000000a8380000, 0x00000000e0000000)
  object space 134656K, 48% used [0x00000000a0000000,0x00000000a3f357f8,0x00000000a8380000)
 Metaspace       used 83038K, capacity 86984K, committed 87296K, reserved 1124352K
  class space    used 11092K, capacity 11937K, committed 12032K, reserved 1048576K
Event: 12.581 GC heap after
Heap after GC invocations=27 (full 3):
 PSYoungGen      total 486400K, used 17261K [0x00000000e0000000, 0x00000000ffd80000, 0x0000000100000000)
  eden space 452096K, 0% used [0x00000000e0000000,0x00000000e0000000,0x00000000fb980000)
  from space 34304K, 50% used [0x00000000fdc00000,0x00000000fecdb478,0x00000000ffd80000)
  to   space 34816K, 0% used [0x00000000fb980000,0x00000000fb980000,0x00000000fdb80000)
 ParOldGen       total 134656K, used 77790K [0x00000000a0000000, 0x00000000a8380000, 0x00000000e0000000)
  object space 134656K, 57% used [0x00000000a0000000,0x00000000a4bf7a68,0x00000000a8380000)
 Metaspace       used 83038K, capacity 86984K, committed 87296K, reserved 1124352K
  class space    used 11092K, capacity 11937K, committed 12032K, reserved 1048576K
}
Event: 12.911 GC heap before
{Heap before GC invocations=28 (full 3):
 PSYoungGen      total 486400K, used 469357K [0x00000000e0000000, 0x00000000ffd80000, 0x0000000100000000)
  eden space 452096K, 100% used [0x00000000e0000000,0x00000000fb980000,0x00000000fb980000)
  from space 34304K, 50% used [0x00000000fdc00000,0x00000000fecdb478,0x00000000ffd80000)
  to   space 34816K, 0% used [0x00000000fb980000,0x00000000fb980000,0x00000000fdb80000)
 ParOldGen       total 134656K, used 77812K [0x00000000a0000000, 0x00000000a8380000, 0x00000000e0000000)
  object space 134656K, 57% used [0x00000000a0000000,0x00000000a4bfd010,0x00000000a8380000)
 Metaspace       used 83072K, capacity 87048K, committed 87296K, reserved 1124352K
  class space    used 11093K, capacity 11937K, committed 12032K, reserved 1048576K
Event: 12.938 GC heap after
Heap after GC invocations=28 (full 3):
 PSYoungGen      total 486912K, used 25063K [0x00000000e0000000, 0x0000000100000000, 0x0000000100000000)
  eden space 452096K, 0% used [0x00000000e0000000,0x00000000e0000000,0x00000000fb980000)
  from space 34816K, 71% used [0x00000000fb980000,0x00000000fd1f9c60,0x00000000fdb80000)
  to   space 35840K, 0% used [0x00000000fdd00000,0x00000000fdd00000,0x0000000100000000)
 ParOldGen       total 134656K, used 86444K [0x00000000a0000000, 0x00000000a8380000, 0x00000000e0000000)
  object space 134656K, 64% used [0x00000000a0000000,0x00000000a546b120,0x00000000a8380000)
 Metaspace       used 83072K, capacity 87048K, committed 87296K, reserved 1124352K
  class space    used 11093K, capacity 11937K, committed 12032K, reserved 1048576K
}
Event: 13.312 GC heap before
{Heap before GC invocations=29 (full 3):
 PSYoungGen      total 486912K, used 477159K [0x00000000e0000000, 0x0000000100000000, 0x0000000100000000)
  eden space 452096K, 100% used [0x00000000e0000000,0x00000000fb980000,0x00000000fb980000)
  from space 34816K, 71% used [0x00000000fb980000,0x00000000fd1f9c60,0x00000000fdb80000)
  to   space 35840K, 0% used [0x00000000fdd00000,0x00000000fdd00000,0x0000000100000000)
 ParOldGen       total 134656K, used 86446K [0x00000000a0000000, 0x00000000a8380000, 0x00000000e0000000)
  object space 134656K, 64% used [0x00000000a0000000,0x00000000a546bb20,0x00000000a8380000)
 Metaspace       used 83144K, capacity 87196K, committed 87296K, reserved 1124352K
  class space    used 11095K, capacity 11939K, committed 12032K, reserved 1048576K
Event: 13.331 GC heap after
Heap after GC invocations=29 (full 3):
 PSYoungGen      total 488960K, used 11690K [0x00000000e0000000, 0x0000000100000000, 0x0000000100000000)
  eden space 453120K, 0% used [0x00000000e0000000,0x00000000e0000000,0x00000000fba80000)
  from space 35840K, 32% used [0x00000000fdd00000,0x00000000fe86a960,0x0000000100000000)
  to   space 35328K, 0% used [0x00000000fba80000,0x00000000fba80000,0x00000000fdd00000)
 ParOldGen       total 134656K, used 108072K [0x00000000a0000000, 0x00000000a8380000, 0x00000000e0000000)
  object space 134656K, 80% used [0x00000000a0000000,0x00000000a698a1e8,0x00000000a8380000)
 Metaspace       used 83144K, capacity 87196K, committed 87296K, reserved 1124352K
  class space    used 11095K, capacity 11939K, committed 12032K, reserved 1048576K
}
Event: 13.769 GC heap before
{Heap before GC invocations=30 (full 3):
 PSYoungGen      total 488960K, used 464810K [0x00000000e0000000, 0x0000000100000000, 0x0000000100000000)
  eden space 453120K, 100% used [0x00000000e0000000,0x00000000fba80000,0x00000000fba80000)
  from space 35840K, 32% used [0x00000000fdd00000,0x00000000fe86a960,0x0000000100000000)
  to   space 35328K, 0% used [0x00000000fba80000,0x00000000fba80000,0x00000000fdd00000)
 ParOldGen       total 134656K, used 108072K [0x00000000a0000000, 0x00000000a8380000, 0x00000000e0000000)
  object space 134656K, 80% used [0x00000000a0000000,0x00000000a698a1e8,0x00000000a8380000)
 Metaspace       used 83173K, capacity 87266K, committed 87552K, reserved 1124352K
  class space    used 11096K, capacity 11940K, committed 12032K, reserved 1048576K
Event: 13.779 GC heap after
Heap after GC invocations=30 (full 3):
 PSYoungGen      total 488448K, used 6758K [0x00000000e0000000, 0x0000000100000000, 0x0000000100000000)
  eden space 453120K, 0% used [0x00000000e0000000,0x00000000e0000000,0x00000000fba80000)
  from space 35328K, 19% used [0x00000000fba80000,0x00000000fc119be0,0x00000000fdd00000)
  to   space 35840K, 0% used [0x00000000fdd00000,0x00000000fdd00000,0x0000000100000000)
 ParOldGen       total 134656K, used 114974K [0x00000000a0000000, 0x00000000a8380000, 0x00000000e0000000)
  object space 134656K, 85% used [0x00000000a0000000,0x00000000a7047a70,0x00000000a8380000)
 Metaspace       used 83173K, capacity 87266K, committed 87552K, reserved 1124352K
  class space    used 11096K, capacity 11940K, committed 12032K, reserved 1048576K
}

